{"C:\\Users\\f02325070077\\Desktop\\aragon-Carolini-Constantino\\modulo6\\backend-amaro\\src\\business\\ProductBusiness.ts": {"path":"C:\\Users\\f02325070077\\Desktop\\aragon-Carolini-Constantino\\modulo6\\backend-amaro\\src\\business\\ProductBusiness.ts","statementMap":{"0":{"start":{"line":2,"column":0},"end":{"line":2,"column":56}},"1":{"start":{"line":3,"column":0},"end":{"line":3,"column":56}},"2":{"start":{"line":4,"column":0},"end":{"line":4,"column":54}},"3":{"start":{"line":5,"column":0},"end":{"line":5,"column":64}},"4":{"start":{"line":6,"column":0},"end":{"line":6,"column":201}},"5":{"start":{"line":7,"column":0},"end":{"line":7,"column":44}},"6":{"start":{"line":13,"column":16},"end":{"line":13,"column":48}},"7":{"start":{"line":14,"column":16},"end":{"line":14,"column":40}},"8":{"start":{"line":15,"column":16},"end":{"line":15,"column":44}},"9":{"start":{"line":18,"column":11},"end":{"line":61,"column":null}},"10":{"start":{"line":19,"column":22},"end":{"line":19,"column":44}},"11":{"start":{"line":20,"column":21},"end":{"line":20,"column":40}},"12":{"start":{"line":21,"column":22},"end":{"line":21,"column":47}},"13":{"start":{"line":22,"column":21},"end":{"line":22,"column":44}},"14":{"start":{"line":23,"column":23},"end":{"line":23,"column":41}},"15":{"start":{"line":25,"column":50},"end":{"line":31,"column":null}},"16":{"start":{"line":33,"column":41},"end":{"line":33,"column":100}},"17":{"start":{"line":35,"column":25},"end":{"line":42,"column":10}},"18":{"start":{"line":36,"column":12},"end":{"line":41,"column":null}},"19":{"start":{"line":44,"column":8},"end":{"line":53,"column":null}},"20":{"start":{"line":45,"column":23},"end":{"line":45,"column":38}},"21":{"start":{"line":46,"column":35},"end":{"line":46,"column":37}},"22":{"start":{"line":47,"column":32},"end":{"line":47,"column":70}},"23":{"start":{"line":49,"column":12},"end":{"line":51,"column":null}},"24":{"start":{"line":50,"column":16},"end":{"line":50,"column":null}},"25":{"start":{"line":52,"column":12},"end":{"line":52,"column":null}},"26":{"start":{"line":55,"column":51},"end":{"line":58,"column":null}},"27":{"start":{"line":60,"column":8},"end":{"line":60,"column":null}},"28":{"start":{"line":63,"column":11},"end":{"line":87,"column":null}},"29":{"start":{"line":64,"column":23},"end":{"line":64,"column":28}},"30":{"start":{"line":66,"column":8},"end":{"line":68,"column":null}},"31":{"start":{"line":67,"column":12},"end":{"line":67,"column":86}},"32":{"start":{"line":70,"column":25},"end":{"line":70,"column":44}},"33":{"start":{"line":71,"column":27},"end":{"line":71,"column":77}},"34":{"start":{"line":73,"column":30},"end":{"line":79,"column":10}},"35":{"start":{"line":74,"column":12},"end":{"line":78,"column":null}},"36":{"start":{"line":81,"column":44},"end":{"line":84,"column":null}},"37":{"start":{"line":86,"column":8},"end":{"line":86,"column":null}},"38":{"start":{"line":89,"column":11},"end":{"line":112,"column":null}},"39":{"start":{"line":91,"column":8},"end":{"line":93,"column":null}},"40":{"start":{"line":92,"column":12},"end":{"line":92,"column":77}},"41":{"start":{"line":95,"column":30},"end":{"line":95,"column":78}},"42":{"start":{"line":97,"column":20},"end":{"line":97,"column":22}},"43":{"start":{"line":98,"column":8},"end":{"line":104,"column":null}},"44":{"start":{"line":100,"column":30},"end":{"line":100,"column":87}},"45":{"start":{"line":102,"column":12},"end":{"line":102,"column":null}},"46":{"start":{"line":106,"column":44},"end":{"line":109,"column":null}},"47":{"start":{"line":111,"column":8},"end":{"line":111,"column":null}},"48":{"start":{"line":114,"column":11},"end":{"line":177,"column":null}},"49":{"start":{"line":120,"column":12},"end":{"line":120,"column":17}},"50":{"start":{"line":122,"column":24},"end":{"line":122,"column":65}},"51":{"start":{"line":124,"column":8},"end":{"line":126,"column":null}},"52":{"start":{"line":125,"column":12},"end":{"line":125,"column":54}},"53":{"start":{"line":128,"column":8},"end":{"line":130,"column":null}},"54":{"start":{"line":129,"column":12},"end":{"line":129,"column":null}},"55":{"start":{"line":132,"column":8},"end":{"line":134,"column":null}},"56":{"start":{"line":133,"column":12},"end":{"line":133,"column":null}},"57":{"start":{"line":136,"column":31},"end":{"line":136,"column":77}},"58":{"start":{"line":138,"column":8},"end":{"line":140,"column":null}},"59":{"start":{"line":139,"column":12},"end":{"line":139,"column":60}},"60":{"start":{"line":142,"column":8},"end":{"line":144,"column":null}},"61":{"start":{"line":143,"column":12},"end":{"line":143,"column":null}},"62":{"start":{"line":146,"column":8},"end":{"line":148,"column":null}},"63":{"start":{"line":147,"column":12},"end":{"line":147,"column":null}},"64":{"start":{"line":150,"column":26},"end":{"line":150,"column":53}},"65":{"start":{"line":152,"column":27},"end":{"line":156,"column":null}},"66":{"start":{"line":158,"column":8},"end":{"line":158,"column":null}},"67":{"start":{"line":160,"column":8},"end":{"line":168,"column":null}},"68":{"start":{"line":161,"column":47},"end":{"line":165,"column":null}},"69":{"start":{"line":167,"column":12},"end":{"line":167,"column":null}},"70":{"start":{"line":170,"column":24},"end":{"line":170,"column":77}},"71":{"start":{"line":172,"column":25},"end":{"line":174,"column":null}},"72":{"start":{"line":176,"column":8},"end":{"line":176,"column":null}},"73":{"start":{"line":179,"column":11},"end":{"line":205,"column":null}},"74":{"start":{"line":180,"column":38},"end":{"line":180,"column":43}},"75":{"start":{"line":182,"column":24},"end":{"line":182,"column":65}},"76":{"start":{"line":184,"column":8},"end":{"line":186,"column":null}},"77":{"start":{"line":185,"column":12},"end":{"line":185,"column":54}},"78":{"start":{"line":188,"column":8},"end":{"line":190,"column":null}},"79":{"start":{"line":189,"column":12},"end":{"line":189,"column":null}},"80":{"start":{"line":192,"column":31},"end":{"line":192,"column":85}},"81":{"start":{"line":194,"column":8},"end":{"line":196,"column":null}},"82":{"start":{"line":195,"column":12},"end":{"line":195,"column":62}},"83":{"start":{"line":198,"column":8},"end":{"line":198,"column":null}},"84":{"start":{"line":200,"column":25},"end":{"line":202,"column":null}},"85":{"start":{"line":204,"column":8},"end":{"line":204,"column":null}},"86":{"start":{"line":11,"column":0},"end":{"line":11,"column":13}}},"fnMap":{"0":{"name":"(anonymous_0)","decl":{"start":{"line":12,"column":4},"end":{"line":12,"column":null}},"loc":{"start":{"line":15,"column":44},"end":{"line":16,"column":9}}},"1":{"name":"(anonymous_1)","decl":{"start":{"line":18,"column":28},"end":{"line":18,"column":33}},"loc":{"start":{"line":18,"column":102},"end":{"line":61,"column":5}}},"2":{"name":"(anonymous_2)","decl":{"start":{"line":35,"column":40},"end":{"line":35,"column":49}},"loc":{"start":{"line":35,"column":52},"end":{"line":42,"column":9}}},"3":{"name":"(anonymous_3)","decl":{"start":{"line":63,"column":27},"end":{"line":63,"column":32}},"loc":{"start":{"line":63,"column":63},"end":{"line":87,"column":5}}},"4":{"name":"(anonymous_4)","decl":{"start":{"line":73,"column":45},"end":{"line":73,"column":54}},"loc":{"start":{"line":73,"column":57},"end":{"line":79,"column":9}}},"5":{"name":"(anonymous_5)","decl":{"start":{"line":89,"column":30},"end":{"line":89,"column":35}},"loc":{"start":{"line":89,"column":52},"end":{"line":112,"column":5}}},"6":{"name":"(anonymous_6)","decl":{"start":{"line":114,"column":27},"end":{"line":114,"column":32}},"loc":{"start":{"line":114,"column":64},"end":{"line":177,"column":5}}},"7":{"name":"(anonymous_7)","decl":{"start":{"line":179,"column":27},"end":{"line":179,"column":32}},"loc":{"start":{"line":179,"column":65},"end":{"line":205,"column":5}}}},"branchMap":{"0":{"loc":{"start":{"line":19,"column":22},"end":{"line":19,"column":44}},"type":"binary-expr","locations":[{"start":{"line":19,"column":22},"end":{"line":19,"column":33}},{"start":{"line":19,"column":37},"end":{"line":19,"column":44}}]},"1":{"loc":{"start":{"line":20,"column":21},"end":{"line":20,"column":40}},"type":"binary-expr","locations":[{"start":{"line":20,"column":21},"end":{"line":20,"column":31}},{"start":{"line":20,"column":35},"end":{"line":20,"column":40}}]},"2":{"loc":{"start":{"line":21,"column":22},"end":{"line":21,"column":47}},"type":"binary-expr","locations":[{"start":{"line":21,"column":22},"end":{"line":21,"column":41}},{"start":{"line":21,"column":45},"end":{"line":21,"column":47}}]},"3":{"loc":{"start":{"line":22,"column":21},"end":{"line":22,"column":44}},"type":"binary-expr","locations":[{"start":{"line":22,"column":21},"end":{"line":22,"column":39}},{"start":{"line":22,"column":43},"end":{"line":22,"column":44}}]},"4":{"loc":{"start":{"line":66,"column":8},"end":{"line":68,"column":null}},"type":"if","locations":[{"start":{"line":66,"column":8},"end":{"line":68,"column":null}}]},"5":{"loc":{"start":{"line":91,"column":8},"end":{"line":93,"column":null}},"type":"if","locations":[{"start":{"line":91,"column":8},"end":{"line":93,"column":null}}]},"6":{"loc":{"start":{"line":124,"column":8},"end":{"line":126,"column":null}},"type":"if","locations":[{"start":{"line":124,"column":8},"end":{"line":126,"column":null}}]},"7":{"loc":{"start":{"line":128,"column":8},"end":{"line":130,"column":null}},"type":"if","locations":[{"start":{"line":128,"column":8},"end":{"line":130,"column":null}}]},"8":{"loc":{"start":{"line":132,"column":8},"end":{"line":134,"column":null}},"type":"if","locations":[{"start":{"line":132,"column":8},"end":{"line":134,"column":null}}]},"9":{"loc":{"start":{"line":138,"column":8},"end":{"line":140,"column":null}},"type":"if","locations":[{"start":{"line":138,"column":8},"end":{"line":140,"column":null}}]},"10":{"loc":{"start":{"line":142,"column":8},"end":{"line":144,"column":null}},"type":"if","locations":[{"start":{"line":142,"column":8},"end":{"line":144,"column":null}}]},"11":{"loc":{"start":{"line":146,"column":8},"end":{"line":148,"column":null}},"type":"if","locations":[{"start":{"line":146,"column":8},"end":{"line":148,"column":null}}]},"12":{"loc":{"start":{"line":184,"column":8},"end":{"line":186,"column":null}},"type":"if","locations":[{"start":{"line":184,"column":8},"end":{"line":186,"column":null}}]},"13":{"loc":{"start":{"line":188,"column":8},"end":{"line":190,"column":null}},"type":"if","locations":[{"start":{"line":188,"column":8},"end":{"line":190,"column":null}}]},"14":{"loc":{"start":{"line":194,"column":8},"end":{"line":196,"column":null}},"type":"if","locations":[{"start":{"line":194,"column":8},"end":{"line":196,"column":null}}]}},"s":{"0":5,"1":5,"2":5,"3":5,"4":5,"5":5,"6":5,"7":5,"8":5,"9":5,"10":1,"11":1,"12":1,"13":1,"14":1,"15":1,"16":1,"17":1,"18":10,"19":1,"20":2,"21":2,"22":2,"23":2,"24":5,"25":1,"26":0,"27":0,"28":5,"29":3,"30":3,"31":1,"32":2,"33":2,"34":2,"35":0,"36":0,"37":0,"38":5,"39":1,"40":1,"41":0,"42":0,"43":0,"44":0,"45":0,"46":0,"47":0,"48":5,"49":8,"50":8,"51":8,"52":1,"53":7,"54":1,"55":6,"56":1,"57":5,"58":5,"59":4,"60":1,"61":0,"62":1,"63":0,"64":1,"65":1,"66":1,"67":1,"68":1,"69":1,"70":1,"71":1,"72":1,"73":5,"74":4,"75":4,"76":4,"77":1,"78":3,"79":1,"80":2,"81":2,"82":1,"83":1,"84":1,"85":1,"86":5},"f":{"0":5,"1":1,"2":10,"3":3,"4":0,"5":1,"6":8,"7":4},"b":{"0":[1,0],"1":[1,0],"2":[1,0],"3":[1,0],"4":[1],"5":[1],"6":[1],"7":[1],"8":[1],"9":[4],"10":[0],"11":[0],"12":[1],"13":[1],"14":[1]}}
,"C:\\Users\\f02325070077\\Desktop\\aragon-Carolini-Constantino\\modulo6\\backend-amaro\\src\\business\\UserBusiness.ts": {"path":"C:\\Users\\f02325070077\\Desktop\\aragon-Carolini-Constantino\\modulo6\\backend-amaro\\src\\business\\UserBusiness.ts","statementMap":{"0":{"start":{"line":2,"column":0},"end":{"line":2,"column":55}},"1":{"start":{"line":3,"column":0},"end":{"line":3,"column":55}},"2":{"start":{"line":4,"column":0},"end":{"line":4,"column":53}},"3":{"start":{"line":5,"column":0},"end":{"line":5,"column":63}},"4":{"start":{"line":6,"column":0},"end":{"line":6,"column":117}},"5":{"start":{"line":13,"column":16},"end":{"line":13,"column":42}},"6":{"start":{"line":14,"column":16},"end":{"line":14,"column":40}},"7":{"start":{"line":15,"column":16},"end":{"line":15,"column":40}},"8":{"start":{"line":16,"column":16},"end":{"line":16,"column":44}},"9":{"start":{"line":19,"column":11},"end":{"line":78,"column":null}},"10":{"start":{"line":20,"column":42},"end":{"line":20,"column":47}},"11":{"start":{"line":22,"column":8},"end":{"line":24,"column":null}},"12":{"start":{"line":23,"column":12},"end":{"line":23,"column":null}},"13":{"start":{"line":26,"column":8},"end":{"line":28,"column":null}},"14":{"start":{"line":27,"column":12},"end":{"line":27,"column":null}},"15":{"start":{"line":30,"column":8},"end":{"line":32,"column":null}},"16":{"start":{"line":31,"column":12},"end":{"line":31,"column":null}},"17":{"start":{"line":34,"column":8},"end":{"line":36,"column":null}},"18":{"start":{"line":35,"column":12},"end":{"line":35,"column":null}},"19":{"start":{"line":38,"column":8},"end":{"line":40,"column":null}},"20":{"start":{"line":39,"column":12},"end":{"line":39,"column":null}},"21":{"start":{"line":42,"column":8},"end":{"line":44,"column":null}},"22":{"start":{"line":43,"column":12},"end":{"line":43,"column":null}},"23":{"start":{"line":46,"column":37},"end":{"line":46,"column":79}},"24":{"start":{"line":48,"column":8},"end":{"line":50,"column":null}},"25":{"start":{"line":49,"column":12},"end":{"line":49,"column":null}},"26":{"start":{"line":52,"column":19},"end":{"line":52,"column":46}},"27":{"start":{"line":53,"column":31},"end":{"line":53,"column":68}},"28":{"start":{"line":55,"column":21},"end":{"line":60,"column":null}},"29":{"start":{"line":63,"column":8},"end":{"line":63,"column":null}},"30":{"start":{"line":65,"column":39},"end":{"line":68,"column":null}},"31":{"start":{"line":70,"column":22},"end":{"line":70,"column":63}},"32":{"start":{"line":72,"column":43},"end":{"line":75,"column":null}},"33":{"start":{"line":77,"column":8},"end":{"line":77,"column":null}},"34":{"start":{"line":80,"column":11},"end":{"line":135,"column":null}},"35":{"start":{"line":81,"column":36},"end":{"line":81,"column":41}},"36":{"start":{"line":83,"column":8},"end":{"line":85,"column":null}},"37":{"start":{"line":84,"column":12},"end":{"line":84,"column":null}},"38":{"start":{"line":87,"column":8},"end":{"line":89,"column":null}},"39":{"start":{"line":88,"column":12},"end":{"line":88,"column":null}},"40":{"start":{"line":91,"column":8},"end":{"line":93,"column":null}},"41":{"start":{"line":92,"column":12},"end":{"line":92,"column":null}},"42":{"start":{"line":95,"column":8},"end":{"line":97,"column":null}},"43":{"start":{"line":96,"column":12},"end":{"line":96,"column":null}},"44":{"start":{"line":99,"column":23},"end":{"line":99,"column":65}},"45":{"start":{"line":101,"column":8},"end":{"line":103,"column":null}},"46":{"start":{"line":102,"column":12},"end":{"line":102,"column":null}},"47":{"start":{"line":105,"column":21},"end":{"line":110,"column":null}},"48":{"start":{"line":113,"column":34},"end":{"line":115,"column":null}},"49":{"start":{"line":118,"column":8},"end":{"line":120,"column":null}},"50":{"start":{"line":119,"column":12},"end":{"line":119,"column":null}},"51":{"start":{"line":122,"column":39},"end":{"line":125,"column":null}},"52":{"start":{"line":127,"column":22},"end":{"line":127,"column":63}},"53":{"start":{"line":129,"column":42},"end":{"line":132,"column":null}},"54":{"start":{"line":134,"column":8},"end":{"line":134,"column":null}},"55":{"start":{"line":11,"column":0},"end":{"line":11,"column":13}}},"fnMap":{"0":{"name":"(anonymous_0)","decl":{"start":{"line":12,"column":4},"end":{"line":12,"column":null}},"loc":{"start":{"line":16,"column":44},"end":{"line":17,"column":8}}},"1":{"name":"(anonymous_1)","decl":{"start":{"line":19,"column":20},"end":{"line":19,"column":25}},"loc":{"start":{"line":19,"column":53},"end":{"line":78,"column":5}}},"2":{"name":"(anonymous_2)","decl":{"start":{"line":80,"column":19},"end":{"line":80,"column":24}},"loc":{"start":{"line":80,"column":51},"end":{"line":135,"column":5}}}},"branchMap":{"0":{"loc":{"start":{"line":22,"column":8},"end":{"line":24,"column":null}},"type":"if","locations":[{"start":{"line":22,"column":8},"end":{"line":24,"column":null}}]},"1":{"loc":{"start":{"line":26,"column":8},"end":{"line":28,"column":null}},"type":"if","locations":[{"start":{"line":26,"column":8},"end":{"line":28,"column":null}}]},"2":{"loc":{"start":{"line":30,"column":8},"end":{"line":32,"column":null}},"type":"if","locations":[{"start":{"line":30,"column":8},"end":{"line":32,"column":null}}]},"3":{"loc":{"start":{"line":34,"column":8},"end":{"line":36,"column":null}},"type":"if","locations":[{"start":{"line":34,"column":8},"end":{"line":36,"column":null}}]},"4":{"loc":{"start":{"line":38,"column":8},"end":{"line":40,"column":null}},"type":"if","locations":[{"start":{"line":38,"column":8},"end":{"line":40,"column":null}}]},"5":{"loc":{"start":{"line":42,"column":8},"end":{"line":44,"column":null}},"type":"if","locations":[{"start":{"line":42,"column":8},"end":{"line":44,"column":null}}]},"6":{"loc":{"start":{"line":48,"column":8},"end":{"line":50,"column":null}},"type":"if","locations":[{"start":{"line":48,"column":8},"end":{"line":50,"column":null}}]},"7":{"loc":{"start":{"line":83,"column":8},"end":{"line":85,"column":null}},"type":"if","locations":[{"start":{"line":83,"column":8},"end":{"line":85,"column":null}}]},"8":{"loc":{"start":{"line":87,"column":8},"end":{"line":89,"column":null}},"type":"if","locations":[{"start":{"line":87,"column":8},"end":{"line":89,"column":null}}]},"9":{"loc":{"start":{"line":91,"column":8},"end":{"line":93,"column":null}},"type":"if","locations":[{"start":{"line":91,"column":8},"end":{"line":93,"column":null}}]},"10":{"loc":{"start":{"line":95,"column":8},"end":{"line":97,"column":null}},"type":"if","locations":[{"start":{"line":95,"column":8},"end":{"line":97,"column":null}}]},"11":{"loc":{"start":{"line":101,"column":8},"end":{"line":103,"column":null}},"type":"if","locations":[{"start":{"line":101,"column":8},"end":{"line":103,"column":null}}]},"12":{"loc":{"start":{"line":118,"column":8},"end":{"line":120,"column":null}},"type":"if","locations":[{"start":{"line":118,"column":8},"end":{"line":120,"column":null}}]}},"s":{"0":2,"1":2,"2":2,"3":2,"4":2,"5":2,"6":2,"7":2,"8":2,"9":2,"10":3,"11":3,"12":0,"13":3,"14":0,"15":3,"16":0,"17":3,"18":0,"19":3,"20":1,"21":2,"22":0,"23":2,"24":2,"25":1,"26":1,"27":1,"28":1,"29":1,"30":1,"31":1,"32":1,"33":1,"34":2,"35":4,"36":4,"37":0,"38":4,"39":0,"40":4,"41":0,"42":4,"43":1,"44":3,"45":3,"46":1,"47":2,"48":2,"49":2,"50":1,"51":1,"52":1,"53":1,"54":1,"55":2},"f":{"0":2,"1":3,"2":4},"b":{"0":[0],"1":[0],"2":[0],"3":[0],"4":[1],"5":[0],"6":[1],"7":[0],"8":[0],"9":[0],"10":[1],"11":[1],"12":[1]}}
,"C:\\Users\\f02325070077\\Desktop\\aragon-Carolini-Constantino\\modulo6\\backend-amaro\\src\\database\\BaseDatabase.ts": {"path":"C:\\Users\\f02325070077\\Desktop\\aragon-Carolini-Constantino\\modulo6\\backend-amaro\\src\\database\\BaseDatabase.ts","statementMap":{"0":{"start":{"line":1,"column":0},"end":{"line":1,"column":23}},"1":{"start":{"line":2,"column":0},"end":{"line":2,"column":27}},"2":{"start":{"line":4,"column":0},"end":{"line":4,"column":null}},"3":{"start":{"line":6,"column":0},"end":{"line":6,"column":22}},"4":{"start":{"line":7,"column":21},"end":{"line":17,"column":null}}},"fnMap":{},"branchMap":{},"s":{"0":7,"1":7,"2":7,"3":7,"4":7},"f":{},"b":{}}
,"C:\\Users\\f02325070077\\Desktop\\aragon-Carolini-Constantino\\modulo6\\backend-amaro\\src\\errors\\BaseError.ts": {"path":"C:\\Users\\f02325070077\\Desktop\\aragon-Carolini-Constantino\\modulo6\\backend-amaro\\src\\errors\\BaseError.ts","statementMap":{"0":{"start":{"line":6,"column":8},"end":{"line":6,"column":null}},"1":{"start":{"line":3,"column":15},"end":{"line":3,"column":36}},"2":{"start":{"line":1,"column":0},"end":{"line":1,"column":13}}},"fnMap":{"0":{"name":"(anonymous_0)","decl":{"start":{"line":2,"column":4},"end":{"line":2,"column":null}},"loc":{"start":{"line":4,"column":28},"end":{"line":7,"column":5}}}},"branchMap":{"0":{"loc":{"start":{"line":3,"column":15},"end":{"line":3,"column":39}},"type":"default-arg","locations":[{"start":{"line":3,"column":36},"end":{"line":3,"column":39}}]},"1":{"loc":{"start":{"line":4,"column":8},"end":{"line":4,"column":28}},"type":"default-arg","locations":[{"start":{"line":4,"column":26},"end":{"line":4,"column":28}}]}},"s":{"0":17,"1":17,"2":7},"f":{"0":17},"b":{"0":[0],"1":[0]}}
,"C:\\Users\\f02325070077\\Desktop\\aragon-Carolini-Constantino\\modulo6\\backend-amaro\\src\\errors\\ConflictError.ts": {"path":"C:\\Users\\f02325070077\\Desktop\\aragon-Carolini-Constantino\\modulo6\\backend-amaro\\src\\errors\\ConflictError.ts","statementMap":{"0":{"start":{"line":1,"column":0},"end":{"line":1,"column":40}},"1":{"start":{"line":7,"column":8},"end":{"line":7,"column":null}},"2":{"start":{"line":3,"column":0},"end":{"line":3,"column":13}}},"fnMap":{"0":{"name":"(anonymous_0)","decl":{"start":{"line":4,"column":4},"end":{"line":4,"column":null}},"loc":{"start":{"line":5,"column":45},"end":{"line":8,"column":5}}}},"branchMap":{"0":{"loc":{"start":{"line":5,"column":8},"end":{"line":5,"column":45}},"type":"default-arg","locations":[{"start":{"line":5,"column":26},"end":{"line":5,"column":45}}]}},"s":{"0":7,"1":5,"2":7},"f":{"0":5},"b":{"0":[0]}}
,"C:\\Users\\f02325070077\\Desktop\\aragon-Carolini-Constantino\\modulo6\\backend-amaro\\src\\errors\\NotFoundError.ts": {"path":"C:\\Users\\f02325070077\\Desktop\\aragon-Carolini-Constantino\\modulo6\\backend-amaro\\src\\errors\\NotFoundError.ts","statementMap":{"0":{"start":{"line":1,"column":0},"end":{"line":1,"column":40}},"1":{"start":{"line":7,"column":8},"end":{"line":7,"column":null}},"2":{"start":{"line":3,"column":0},"end":{"line":3,"column":13}}},"fnMap":{"0":{"name":"(anonymous_0)","decl":{"start":{"line":4,"column":4},"end":{"line":4,"column":null}},"loc":{"start":{"line":5,"column":50},"end":{"line":8,"column":5}}}},"branchMap":{"0":{"loc":{"start":{"line":5,"column":8},"end":{"line":5,"column":50}},"type":"default-arg","locations":[{"start":{"line":5,"column":26},"end":{"line":5,"column":50}}]}},"s":{"0":7,"1":2,"2":7},"f":{"0":2},"b":{"0":[0]}}
,"C:\\Users\\f02325070077\\Desktop\\aragon-Carolini-Constantino\\modulo6\\backend-amaro\\src\\errors\\RequestError.ts": {"path":"C:\\Users\\f02325070077\\Desktop\\aragon-Carolini-Constantino\\modulo6\\backend-amaro\\src\\errors\\RequestError.ts","statementMap":{"0":{"start":{"line":1,"column":0},"end":{"line":1,"column":40}},"1":{"start":{"line":7,"column":8},"end":{"line":7,"column":null}},"2":{"start":{"line":3,"column":0},"end":{"line":3,"column":13}}},"fnMap":{"0":{"name":"(anonymous_0)","decl":{"start":{"line":4,"column":4},"end":{"line":4,"column":null}},"loc":{"start":{"line":5,"column":47},"end":{"line":8,"column":5}}}},"branchMap":{"0":{"loc":{"start":{"line":5,"column":8},"end":{"line":5,"column":47}},"type":"default-arg","locations":[{"start":{"line":5,"column":26},"end":{"line":5,"column":47}}]}},"s":{"0":7,"1":7,"2":7},"f":{"0":7},"b":{"0":[0]}}
,"C:\\Users\\f02325070077\\Desktop\\aragon-Carolini-Constantino\\modulo6\\backend-amaro\\src\\errors\\UnauthorizedError.ts": {"path":"C:\\Users\\f02325070077\\Desktop\\aragon-Carolini-Constantino\\modulo6\\backend-amaro\\src\\errors\\UnauthorizedError.ts","statementMap":{"0":{"start":{"line":1,"column":0},"end":{"line":1,"column":40}},"1":{"start":{"line":7,"column":8},"end":{"line":7,"column":null}},"2":{"start":{"line":3,"column":0},"end":{"line":3,"column":13}}},"fnMap":{"0":{"name":"(anonymous_0)","decl":{"start":{"line":4,"column":4},"end":{"line":4,"column":null}},"loc":{"start":{"line":5,"column":49},"end":{"line":8,"column":5}}}},"branchMap":{"0":{"loc":{"start":{"line":5,"column":8},"end":{"line":5,"column":49}},"type":"default-arg","locations":[{"start":{"line":5,"column":26},"end":{"line":5,"column":49}}]}},"s":{"0":7,"1":3,"2":7},"f":{"0":3},"b":{"0":[0]}}
,"C:\\Users\\f02325070077\\Desktop\\aragon-Carolini-Constantino\\modulo6\\backend-amaro\\src\\models\\Product.ts": {"path":"C:\\Users\\f02325070077\\Desktop\\aragon-Carolini-Constantino\\modulo6\\backend-amaro\\src\\models\\Product.ts","statementMap":{"0":{"start":{"line":28,"column":16},"end":{"line":28,"column":26}},"1":{"start":{"line":29,"column":16},"end":{"line":29,"column":28}},"2":{"start":{"line":30,"column":16},"end":{"line":30,"column":29}},"3":{"start":{"line":31,"column":16},"end":{"line":31,"column":33}},"4":{"start":{"line":34,"column":11},"end":{"line":36,"column":null}},"5":{"start":{"line":35,"column":8},"end":{"line":35,"column":null}},"6":{"start":{"line":38,"column":11},"end":{"line":40,"column":null}},"7":{"start":{"line":39,"column":8},"end":{"line":39,"column":null}},"8":{"start":{"line":42,"column":11},"end":{"line":44,"column":null}},"9":{"start":{"line":43,"column":8},"end":{"line":43,"column":null}},"10":{"start":{"line":46,"column":11},"end":{"line":48,"column":null}},"11":{"start":{"line":47,"column":8},"end":{"line":47,"column":null}},"12":{"start":{"line":50,"column":11},"end":{"line":52,"column":null}},"13":{"start":{"line":51,"column":8},"end":{"line":51,"column":null}},"14":{"start":{"line":54,"column":11},"end":{"line":56,"column":null}},"15":{"start":{"line":55,"column":8},"end":{"line":55,"column":null}},"16":{"start":{"line":58,"column":11},"end":{"line":60,"column":null}},"17":{"start":{"line":59,"column":8},"end":{"line":59,"column":null}},"18":{"start":{"line":62,"column":11},"end":{"line":64,"column":null}},"19":{"start":{"line":63,"column":8},"end":{"line":63,"column":null}},"20":{"start":{"line":26,"column":0},"end":{"line":26,"column":13}}},"fnMap":{"0":{"name":"(anonymous_0)","decl":{"start":{"line":27,"column":4},"end":{"line":27,"column":null}},"loc":{"start":{"line":31,"column":35},"end":{"line":32,"column":8}}},"1":{"name":"(anonymous_1)","decl":{"start":{"line":34,"column":19},"end":{"line":34,"column":22}},"loc":{"start":{"line":34,"column":24},"end":{"line":36,"column":5}}},"2":{"name":"(anonymous_2)","decl":{"start":{"line":38,"column":21},"end":{"line":38,"column":24}},"loc":{"start":{"line":38,"column":26},"end":{"line":40,"column":5}}},"3":{"name":"(anonymous_3)","decl":{"start":{"line":42,"column":22},"end":{"line":42,"column":25}},"loc":{"start":{"line":42,"column":27},"end":{"line":44,"column":5}}},"4":{"name":"(anonymous_4)","decl":{"start":{"line":46,"column":21},"end":{"line":46,"column":24}},"loc":{"start":{"line":46,"column":26},"end":{"line":48,"column":5}}},"5":{"name":"(anonymous_5)","decl":{"start":{"line":50,"column":19},"end":{"line":50,"column":20}},"loc":{"start":{"line":50,"column":37},"end":{"line":52,"column":5}}},"6":{"name":"(anonymous_6)","decl":{"start":{"line":54,"column":21},"end":{"line":54,"column":22}},"loc":{"start":{"line":54,"column":41},"end":{"line":56,"column":5}}},"7":{"name":"(anonymous_7)","decl":{"start":{"line":58,"column":22},"end":{"line":58,"column":23}},"loc":{"start":{"line":58,"column":43},"end":{"line":60,"column":5}}},"8":{"name":"(anonymous_8)","decl":{"start":{"line":62,"column":21},"end":{"line":62,"column":22}},"loc":{"start":{"line":62,"column":43},"end":{"line":64,"column":5}}}},"branchMap":{"0":{"loc":{"start":{"line":31,"column":16},"end":{"line":31,"column":35}},"type":"default-arg","locations":[{"start":{"line":31,"column":33},"end":{"line":31,"column":35}}]}},"s":{"0":10,"1":10,"2":10,"3":10,"4":10,"5":2,"6":10,"7":0,"8":10,"9":0,"10":10,"11":0,"12":10,"13":0,"14":10,"15":0,"16":10,"17":0,"18":10,"19":1,"20":5},"f":{"0":10,"1":2,"2":0,"3":0,"4":0,"5":0,"6":0,"7":0,"8":1},"b":{"0":[10]}}
,"C:\\Users\\f02325070077\\Desktop\\aragon-Carolini-Constantino\\modulo6\\backend-amaro\\src\\models\\User.ts": {"path":"C:\\Users\\f02325070077\\Desktop\\aragon-Carolini-Constantino\\modulo6\\backend-amaro\\src\\models\\User.ts","statementMap":{"0":{"start":{"line":1,"column":0},"end":{"line":1,"column":null}},"1":{"start":{"line":2,"column":4},"end":{"line":2,"column":null}},"2":{"start":{"line":3,"column":4},"end":{"line":3,"column":null}},"3":{"start":{"line":16,"column":16},"end":{"line":16,"column":26}},"4":{"start":{"line":17,"column":16},"end":{"line":17,"column":28}},"5":{"start":{"line":18,"column":16},"end":{"line":18,"column":29}},"6":{"start":{"line":19,"column":16},"end":{"line":19,"column":32}},"7":{"start":{"line":20,"column":16},"end":{"line":20,"column":32}},"8":{"start":{"line":23,"column":11},"end":{"line":25,"column":null}},"9":{"start":{"line":24,"column":8},"end":{"line":24,"column":null}},"10":{"start":{"line":27,"column":11},"end":{"line":29,"column":null}},"11":{"start":{"line":28,"column":8},"end":{"line":28,"column":null}},"12":{"start":{"line":31,"column":11},"end":{"line":33,"column":null}},"13":{"start":{"line":32,"column":8},"end":{"line":32,"column":null}},"14":{"start":{"line":35,"column":11},"end":{"line":37,"column":null}},"15":{"start":{"line":36,"column":8},"end":{"line":36,"column":null}},"16":{"start":{"line":39,"column":11},"end":{"line":41,"column":null}},"17":{"start":{"line":40,"column":8},"end":{"line":40,"column":null}},"18":{"start":{"line":43,"column":11},"end":{"line":45,"column":null}},"19":{"start":{"line":44,"column":8},"end":{"line":44,"column":null}},"20":{"start":{"line":47,"column":11},"end":{"line":49,"column":null}},"21":{"start":{"line":48,"column":8},"end":{"line":48,"column":null}},"22":{"start":{"line":51,"column":11},"end":{"line":53,"column":null}},"23":{"start":{"line":52,"column":8},"end":{"line":52,"column":null}},"24":{"start":{"line":55,"column":11},"end":{"line":57,"column":null}},"25":{"start":{"line":56,"column":8},"end":{"line":56,"column":null}},"26":{"start":{"line":59,"column":11},"end":{"line":61,"column":null}},"27":{"start":{"line":60,"column":8},"end":{"line":60,"column":null}},"28":{"start":{"line":14,"column":0},"end":{"line":14,"column":13}}},"fnMap":{"0":{"name":"(anonymous_0)","decl":{"start":{"line":1,"column":0},"end":{"line":1,"column":12}},"loc":{"start":{"line":1,"column":22},"end":{"line":4,"column":1}}},"1":{"name":"(anonymous_1)","decl":{"start":{"line":15,"column":4},"end":{"line":15,"column":null}},"loc":{"start":{"line":20,"column":32},"end":{"line":21,"column":9}}},"2":{"name":"(anonymous_2)","decl":{"start":{"line":23,"column":19},"end":{"line":23,"column":22}},"loc":{"start":{"line":23,"column":24},"end":{"line":25,"column":5}}},"3":{"name":"(anonymous_3)","decl":{"start":{"line":27,"column":21},"end":{"line":27,"column":24}},"loc":{"start":{"line":27,"column":26},"end":{"line":29,"column":5}}},"4":{"name":"(anonymous_4)","decl":{"start":{"line":31,"column":22},"end":{"line":31,"column":25}},"loc":{"start":{"line":31,"column":27},"end":{"line":33,"column":5}}},"5":{"name":"(anonymous_5)","decl":{"start":{"line":35,"column":25},"end":{"line":35,"column":28}},"loc":{"start":{"line":35,"column":30},"end":{"line":37,"column":5}}},"6":{"name":"(anonymous_6)","decl":{"start":{"line":39,"column":21},"end":{"line":39,"column":24}},"loc":{"start":{"line":39,"column":26},"end":{"line":41,"column":5}}},"7":{"name":"(anonymous_7)","decl":{"start":{"line":43,"column":19},"end":{"line":43,"column":20}},"loc":{"start":{"line":43,"column":37},"end":{"line":45,"column":5}}},"8":{"name":"(anonymous_8)","decl":{"start":{"line":47,"column":21},"end":{"line":47,"column":22}},"loc":{"start":{"line":47,"column":41},"end":{"line":49,"column":5}}},"9":{"name":"(anonymous_9)","decl":{"start":{"line":51,"column":22},"end":{"line":51,"column":23}},"loc":{"start":{"line":51,"column":43},"end":{"line":53,"column":5}}},"10":{"name":"(anonymous_10)","decl":{"start":{"line":55,"column":25},"end":{"line":55,"column":26}},"loc":{"start":{"line":55,"column":49},"end":{"line":57,"column":5}}},"11":{"name":"(anonymous_11)","decl":{"start":{"line":59,"column":21},"end":{"line":59,"column":22}},"loc":{"start":{"line":59,"column":45},"end":{"line":61,"column":5}}}},"branchMap":{"0":{"loc":{"start":{"line":1,"column":12},"end":{"line":1,"column":null}},"type":"binary-expr","locations":[{"start":{"line":1,"column":12},"end":{"line":1,"column":22}},{"start":{"line":1,"column":12},"end":{"line":1,"column":null}}]}},"s":{"0":7,"1":7,"2":7,"3":3,"4":3,"5":3,"6":3,"7":3,"8":3,"9":2,"10":3,"11":0,"12":3,"13":0,"14":3,"15":2,"16":3,"17":2,"18":3,"19":0,"20":3,"21":0,"22":3,"23":0,"24":3,"25":0,"26":3,"27":0,"28":7},"f":{"0":7,"1":3,"2":2,"3":0,"4":0,"5":2,"6":2,"7":0,"8":0,"9":0,"10":0,"11":0},"b":{"0":[7,7]}}
,"C:\\Users\\f02325070077\\Desktop\\aragon-Carolini-Constantino\\modulo6\\backend-amaro\\tests\\mocks\\ProductDatabaseMock.ts": {"path":"C:\\Users\\f02325070077\\Desktop\\aragon-Carolini-Constantino\\modulo6\\backend-amaro\\tests\\mocks\\ProductDatabaseMock.ts","statementMap":{"0":{"start":{"line":2,"column":0},"end":{"line":2,"column":63}},"1":{"start":{"line":9,"column":11},"end":{"line":62,"column":null}},"2":{"start":{"line":10,"column":8},"end":{"line":61,"column":null}},"3":{"start":{"line":64,"column":11},"end":{"line":79,"column":null}},"4":{"start":{"line":65,"column":4},"end":{"line":78,"column":null}},"5":{"start":{"line":67,"column":12},"end":{"line":73,"column":null}},"6":{"start":{"line":75,"column":16},"end":{"line":75,"column":null}},"7":{"start":{"line":77,"column":20},"end":{"line":77,"column":null}},"8":{"start":{"line":81,"column":11},"end":{"line":115,"column":null}},"9":{"start":{"line":82,"column":4},"end":{"line":114,"column":null}},"10":{"start":{"line":84,"column":12},"end":{"line":95,"column":null}},"11":{"start":{"line":97,"column":16},"end":{"line":103,"column":null}},"12":{"start":{"line":105,"column":20},"end":{"line":110,"column":null}},"13":{"start":{"line":112,"column":20},"end":{"line":112,"column":null}},"14":{"start":{"line":117,"column":11},"end":{"line":146,"column":null}},"15":{"start":{"line":118,"column":8},"end":{"line":145,"column":null}},"16":{"start":{"line":120,"column":16},"end":{"line":124,"column":null}},"17":{"start":{"line":126,"column":20},"end":{"line":130,"column":null}},"18":{"start":{"line":132,"column":24},"end":{"line":136,"column":null}},"19":{"start":{"line":138,"column":28},"end":{"line":142,"column":null}},"20":{"start":{"line":144,"column":20},"end":{"line":144,"column":null}},"21":{"start":{"line":148,"column":11},"end":{"line":157,"column":null}},"22":{"start":{"line":149,"column":8},"end":{"line":156,"column":null}},"23":{"start":{"line":151,"column":16},"end":{"line":155,"column":null}},"24":{"start":{"line":159,"column":11},"end":{"line":161,"column":null}},"25":{"start":{"line":163,"column":11},"end":{"line":165,"column":null}},"26":{"start":{"line":167,"column":11},"end":{"line":169,"column":null}},"27":{"start":{"line":4,"column":0},"end":{"line":4,"column":13}},"28":{"start":{"line":5,"column":18},"end":{"line":5,"column":null}},"29":{"start":{"line":6,"column":18},"end":{"line":6,"column":null}},"30":{"start":{"line":7,"column":18},"end":{"line":7,"column":null}}},"fnMap":{"0":{"name":"(anonymous_0)","decl":{"start":{"line":4,"column":0},"end":{"line":4,"column":13}},"loc":{"start":{"line":4,"column":0},"end":{"line":170,"column":1}}},"1":{"name":"(anonymous_1)","decl":{"start":{"line":9,"column":28},"end":{"line":9,"column":33}},"loc":{"start":{"line":9,"column":75},"end":{"line":62,"column":5}}},"2":{"name":"(anonymous_2)","decl":{"start":{"line":64,"column":21},"end":{"line":64,"column":26}},"loc":{"start":{"line":64,"column":49},"end":{"line":79,"column":1}}},"3":{"name":"(anonymous_3)","decl":{"start":{"line":81,"column":27},"end":{"line":81,"column":32}},"loc":{"start":{"line":81,"column":87},"end":{"line":115,"column":1}}},"4":{"name":"(anonymous_4)","decl":{"start":{"line":117,"column":29},"end":{"line":117,"column":34}},"loc":{"start":{"line":117,"column":83},"end":{"line":146,"column":1}}},"5":{"name":"(anonymous_5)","decl":{"start":{"line":148,"column":30},"end":{"line":148,"column":35}},"loc":{"start":{"line":148,"column":67},"end":{"line":157,"column":1}}},"6":{"name":"(anonymous_6)","decl":{"start":{"line":159,"column":27},"end":{"line":159,"column":32}},"loc":{"start":{"line":159,"column":55},"end":{"line":161,"column":1}}},"7":{"name":"(anonymous_7)","decl":{"start":{"line":163,"column":31},"end":{"line":163,"column":36}},"loc":{"start":{"line":163,"column":69},"end":{"line":165,"column":1}}},"8":{"name":"(anonymous_8)","decl":{"start":{"line":167,"column":27},"end":{"line":167,"column":32}},"loc":{"start":{"line":167,"column":56},"end":{"line":169,"column":1}}}},"branchMap":{"0":{"loc":{"start":{"line":65,"column":4},"end":{"line":78,"column":null}},"type":"switch","locations":[{"start":{"line":66,"column":8},"end":{"line":73,"column":null}},{"start":{"line":74,"column":12},"end":{"line":75,"column":null}},{"start":{"line":76,"column":16},"end":{"line":77,"column":null}}]},"1":{"loc":{"start":{"line":82,"column":4},"end":{"line":114,"column":null}},"type":"switch","locations":[{"start":{"line":83,"column":8},"end":{"line":95,"column":null}},{"start":{"line":96,"column":14},"end":{"line":103,"column":null}},{"start":{"line":104,"column":18},"end":{"line":110,"column":null}},{"start":{"line":111,"column":16},"end":{"line":112,"column":null}}]},"2":{"loc":{"start":{"line":118,"column":8},"end":{"line":145,"column":null}},"type":"switch","locations":[{"start":{"line":119,"column":12},"end":{"line":124,"column":null}},{"start":{"line":125,"column":20},"end":{"line":130,"column":null}},{"start":{"line":131,"column":22},"end":{"line":136,"column":null}},{"start":{"line":137,"column":24},"end":{"line":142,"column":null}},{"start":{"line":143,"column":22},"end":{"line":144,"column":null}}]},"3":{"loc":{"start":{"line":149,"column":8},"end":{"line":156,"column":null}},"type":"switch","locations":[{"start":{"line":150,"column":12},"end":{"line":155,"column":null}}]}},"s":{"0":5,"1":5,"2":1,"3":5,"4":2,"5":1,"6":0,"7":1,"8":5,"9":7,"10":0,"11":0,"12":1,"13":6,"14":5,"15":3,"16":1,"17":0,"18":0,"19":0,"20":2,"21":5,"22":0,"23":0,"24":5,"25":5,"26":5,"27":5,"28":5,"29":5,"30":5},"f":{"0":5,"1":1,"2":2,"3":7,"4":3,"5":0,"6":1,"7":1,"8":1},"b":{"0":[1,0,1],"1":[0,0,1,6],"2":[1,0,0,0,2],"3":[0]}}
,"C:\\Users\\f02325070077\\Desktop\\aragon-Carolini-Constantino\\modulo6\\backend-amaro\\tests\\mocks\\UserDatabaseMock.ts": {"path":"C:\\Users\\f02325070077\\Desktop\\aragon-Carolini-Constantino\\modulo6\\backend-amaro\\tests\\mocks\\UserDatabaseMock.ts","statementMap":{"0":{"start":{"line":1,"column":0},"end":{"line":1,"column":62}},"1":{"start":{"line":8,"column":11},"end":{"line":18,"column":null}},"2":{"start":{"line":9,"column":32},"end":{"line":15,"column":null}},"3":{"start":{"line":17,"column":8},"end":{"line":17,"column":null}},"4":{"start":{"line":20,"column":11},"end":{"line":32,"column":null}},"5":{"start":{"line":21,"column":8},"end":{"line":31,"column":null}},"6":{"start":{"line":23,"column":16},"end":{"line":28,"column":null}},"7":{"start":{"line":30,"column":16},"end":{"line":30,"column":null}},"8":{"start":{"line":34,"column":11},"end":{"line":36,"column":null}},"9":{"start":{"line":5,"column":0},"end":{"line":5,"column":13}},"10":{"start":{"line":6,"column":18},"end":{"line":6,"column":null}}},"fnMap":{"0":{"name":"(anonymous_0)","decl":{"start":{"line":5,"column":0},"end":{"line":5,"column":13}},"loc":{"start":{"line":5,"column":0},"end":{"line":37,"column":1}}},"1":{"name":"(anonymous_1)","decl":{"start":{"line":8,"column":27},"end":{"line":8,"column":28}},"loc":{"start":{"line":8,"column":51},"end":{"line":18,"column":5}}},"2":{"name":"(anonymous_2)","decl":{"start":{"line":20,"column":25},"end":{"line":20,"column":30}},"loc":{"start":{"line":20,"column":49},"end":{"line":32,"column":5}}},"3":{"name":"(anonymous_3)","decl":{"start":{"line":34,"column":24},"end":{"line":34,"column":29}},"loc":{"start":{"line":34,"column":45},"end":{"line":36,"column":5}}}},"branchMap":{"0":{"loc":{"start":{"line":21,"column":8},"end":{"line":31,"column":null}},"type":"switch","locations":[{"start":{"line":22,"column":12},"end":{"line":28,"column":null}},{"start":{"line":29,"column":12},"end":{"line":30,"column":null}}]}},"s":{"0":2,"1":2,"2":0,"3":0,"4":2,"5":5,"6":3,"7":2,"8":2,"9":2,"10":2},"f":{"0":2,"1":0,"2":5,"3":1},"b":{"0":[3,2]}}
,"C:\\Users\\f02325070077\\Desktop\\aragon-Carolini-Constantino\\modulo6\\backend-amaro\\tests\\mocks\\services\\AuthenticatorMock.ts": {"path":"C:\\Users\\f02325070077\\Desktop\\aragon-Carolini-Constantino\\modulo6\\backend-amaro\\tests\\mocks\\services\\AuthenticatorMock.ts","statementMap":{"0":{"start":{"line":1,"column":0},"end":{"line":1,"column":53}},"1":{"start":{"line":5,"column":4},"end":{"line":12,"column":null}},"2":{"start":{"line":6,"column":8},"end":{"line":11,"column":null}},"3":{"start":{"line":8,"column":16},"end":{"line":8,"column":null}},"4":{"start":{"line":10,"column":16},"end":{"line":10,"column":null}},"5":{"start":{"line":14,"column":4},"end":{"line":29,"column":null}},"6":{"start":{"line":15,"column":8},"end":{"line":28,"column":null}},"7":{"start":{"line":17,"column":16},"end":{"line":20,"column":null}},"8":{"start":{"line":22,"column":16},"end":{"line":25,"column":null}},"9":{"start":{"line":27,"column":16},"end":{"line":27,"column":null}},"10":{"start":{"line":4,"column":0},"end":{"line":4,"column":13}}},"fnMap":{"0":{"name":"(anonymous_0)","decl":{"start":{"line":4,"column":0},"end":{"line":4,"column":13}},"loc":{"start":{"line":4,"column":0},"end":{"line":30,"column":1}}},"1":{"name":"(anonymous_1)","decl":{"start":{"line":5,"column":20},"end":{"line":5,"column":21}},"loc":{"start":{"line":5,"column":55},"end":{"line":12,"column":5}}},"2":{"name":"(anonymous_2)","decl":{"start":{"line":14,"column":22},"end":{"line":14,"column":23}},"loc":{"start":{"line":14,"column":62},"end":{"line":29,"column":5}}}},"branchMap":{"0":{"loc":{"start":{"line":6,"column":8},"end":{"line":11,"column":null}},"type":"switch","locations":[{"start":{"line":7,"column":12},"end":{"line":8,"column":null}},{"start":{"line":9,"column":12},"end":{"line":10,"column":null}}]},"1":{"loc":{"start":{"line":15,"column":8},"end":{"line":28,"column":null}},"type":"switch","locations":[{"start":{"line":16,"column":12},"end":{"line":20,"column":null}},{"start":{"line":21,"column":12},"end":{"line":25,"column":null}},{"start":{"line":26,"column":12},"end":{"line":27,"column":null}}]}},"s":{"0":7,"1":7,"2":2,"3":1,"4":1,"5":7,"6":12,"7":8,"8":2,"9":2,"10":7},"f":{"0":7,"1":2,"2":12},"b":{"0":[1,1],"1":[8,2,2]}}
,"C:\\Users\\f02325070077\\Desktop\\aragon-Carolini-Constantino\\modulo6\\backend-amaro\\tests\\mocks\\services\\HashManagerMock.ts": {"path":"C:\\Users\\f02325070077\\Desktop\\aragon-Carolini-Constantino\\modulo6\\backend-amaro\\tests\\mocks\\services\\HashManagerMock.ts","statementMap":{"0":{"start":{"line":2,"column":11},"end":{"line":9,"column":null}},"1":{"start":{"line":3,"column":8},"end":{"line":8,"column":null}},"2":{"start":{"line":5,"column":16},"end":{"line":5,"column":null}},"3":{"start":{"line":7,"column":16},"end":{"line":7,"column":null}},"4":{"start":{"line":11,"column":11},"end":{"line":18,"column":null}},"5":{"start":{"line":12,"column":8},"end":{"line":17,"column":null}},"6":{"start":{"line":14,"column":16},"end":{"line":14,"column":null}},"7":{"start":{"line":16,"column":16},"end":{"line":16,"column":null}},"8":{"start":{"line":1,"column":0},"end":{"line":1,"column":13}}},"fnMap":{"0":{"name":"(anonymous_0)","decl":{"start":{"line":1,"column":0},"end":{"line":1,"column":13}},"loc":{"start":{"line":1,"column":0},"end":{"line":19,"column":1}}},"1":{"name":"(anonymous_1)","decl":{"start":{"line":2,"column":18},"end":{"line":2,"column":23}},"loc":{"start":{"line":2,"column":63},"end":{"line":9,"column":5}}},"2":{"name":"(anonymous_2)","decl":{"start":{"line":11,"column":21},"end":{"line":11,"column":26}},"loc":{"start":{"line":11,"column":82},"end":{"line":18,"column":5}}}},"branchMap":{"0":{"loc":{"start":{"line":3,"column":8},"end":{"line":8,"column":null}},"type":"switch","locations":[{"start":{"line":4,"column":12},"end":{"line":5,"column":null}},{"start":{"line":6,"column":12},"end":{"line":7,"column":null}}]},"1":{"loc":{"start":{"line":12,"column":8},"end":{"line":17,"column":null}},"type":"switch","locations":[{"start":{"line":13,"column":12},"end":{"line":14,"column":null}},{"start":{"line":15,"column":12},"end":{"line":16,"column":null}}]}},"s":{"0":2,"1":1,"2":0,"3":1,"4":2,"5":2,"6":1,"7":1,"8":2},"f":{"0":2,"1":1,"2":2},"b":{"0":[0,1],"1":[1,1]}}
,"C:\\Users\\f02325070077\\Desktop\\aragon-Carolini-Constantino\\modulo6\\backend-amaro\\tests\\mocks\\services\\IdGeneratorMock.ts": {"path":"C:\\Users\\f02325070077\\Desktop\\aragon-Carolini-Constantino\\modulo6\\backend-amaro\\tests\\mocks\\services\\IdGeneratorMock.ts","statementMap":{"0":{"start":{"line":2,"column":11},"end":{"line":4,"column":null}},"1":{"start":{"line":3,"column":8},"end":{"line":3,"column":null}},"2":{"start":{"line":1,"column":0},"end":{"line":1,"column":13}}},"fnMap":{"0":{"name":"(anonymous_0)","decl":{"start":{"line":1,"column":0},"end":{"line":1,"column":13}},"loc":{"start":{"line":1,"column":0},"end":{"line":5,"column":1}}},"1":{"name":"(anonymous_1)","decl":{"start":{"line":2,"column":22},"end":{"line":2,"column":33}},"loc":{"start":{"line":2,"column":35},"end":{"line":4,"column":5}}}},"branchMap":{},"s":{"0":7,"1":3,"2":7},"f":{"0":7,"1":3},"b":{}}
}
