TN:
SF:src\business\ProductBusiness.ts
FN:12,(anonymous_0)
FN:18,(anonymous_1)
FN:35,(anonymous_2)
FN:63,(anonymous_3)
FN:73,(anonymous_4)
FN:89,(anonymous_5)
FN:114,(anonymous_6)
FN:179,(anonymous_7)
FNF:8
FNH:7
FNDA:5,(anonymous_0)
FNDA:1,(anonymous_1)
FNDA:10,(anonymous_2)
FNDA:3,(anonymous_3)
FNDA:0,(anonymous_4)
FNDA:1,(anonymous_5)
FNDA:8,(anonymous_6)
FNDA:4,(anonymous_7)
DA:2,5
DA:3,5
DA:4,5
DA:5,5
DA:6,5
DA:7,5
DA:11,5
DA:13,5
DA:14,5
DA:15,5
DA:18,5
DA:19,1
DA:20,1
DA:21,1
DA:22,1
DA:23,1
DA:25,1
DA:33,1
DA:35,1
DA:36,10
DA:44,1
DA:45,2
DA:46,2
DA:47,2
DA:49,2
DA:50,5
DA:52,1
DA:55,0
DA:60,0
DA:63,5
DA:64,3
DA:66,3
DA:67,1
DA:70,2
DA:71,2
DA:73,2
DA:74,0
DA:81,0
DA:86,0
DA:89,5
DA:91,1
DA:92,1
DA:95,0
DA:97,0
DA:98,0
DA:100,0
DA:102,0
DA:106,0
DA:111,0
DA:114,5
DA:120,8
DA:122,8
DA:124,8
DA:125,1
DA:128,7
DA:129,1
DA:132,6
DA:133,1
DA:136,5
DA:138,5
DA:139,4
DA:142,1
DA:143,0
DA:146,1
DA:147,0
DA:150,1
DA:152,1
DA:158,1
DA:160,1
DA:161,1
DA:167,1
DA:170,1
DA:172,1
DA:176,1
DA:179,5
DA:180,4
DA:182,4
DA:184,4
DA:185,1
DA:188,3
DA:189,1
DA:192,2
DA:194,2
DA:195,1
DA:198,1
DA:200,1
DA:204,1
LF:87
LH:73
BRDA:19,0,0,1
BRDA:19,0,1,0
BRDA:20,1,0,1
BRDA:20,1,1,0
BRDA:21,2,0,1
BRDA:21,2,1,0
BRDA:22,3,0,1
BRDA:22,3,1,0
BRDA:66,4,0,1
BRDA:91,5,0,1
BRDA:124,6,0,1
BRDA:128,7,0,1
BRDA:132,8,0,1
BRDA:138,9,0,4
BRDA:142,10,0,0
BRDA:146,11,0,0
BRDA:184,12,0,1
BRDA:188,13,0,1
BRDA:194,14,0,1
BRF:19
BRH:13
end_of_record
TN:
SF:src\business\UserBusiness.ts
FN:12,(anonymous_0)
FN:19,(anonymous_1)
FN:80,(anonymous_2)
FNF:3
FNH:3
FNDA:2,(anonymous_0)
FNDA:3,(anonymous_1)
FNDA:4,(anonymous_2)
DA:2,2
DA:3,2
DA:4,2
DA:5,2
DA:6,2
DA:11,2
DA:13,2
DA:14,2
DA:15,2
DA:16,2
DA:19,2
DA:20,3
DA:22,3
DA:23,0
DA:26,3
DA:27,0
DA:30,3
DA:31,0
DA:34,3
DA:35,0
DA:38,3
DA:39,1
DA:42,2
DA:43,0
DA:46,2
DA:48,2
DA:49,1
DA:52,1
DA:53,1
DA:55,1
DA:63,1
DA:65,1
DA:70,1
DA:72,1
DA:77,1
DA:80,2
DA:81,4
DA:83,4
DA:84,0
DA:87,4
DA:88,0
DA:91,4
DA:92,0
DA:95,4
DA:96,1
DA:99,3
DA:101,3
DA:102,1
DA:105,2
DA:113,2
DA:118,2
DA:119,1
DA:122,1
DA:127,1
DA:129,1
DA:134,1
LF:56
LH:48
BRDA:22,0,0,0
BRDA:26,1,0,0
BRDA:30,2,0,0
BRDA:34,3,0,0
BRDA:38,4,0,1
BRDA:42,5,0,0
BRDA:48,6,0,1
BRDA:83,7,0,0
BRDA:87,8,0,0
BRDA:91,9,0,0
BRDA:95,10,0,1
BRDA:101,11,0,1
BRDA:118,12,0,1
BRF:13
BRH:5
end_of_record
TN:
SF:src\database\BaseDatabase.ts
FNF:0
FNH:0
DA:1,7
DA:2,7
DA:4,7
DA:6,7
DA:7,7
LF:5
LH:5
BRF:0
BRH:0
end_of_record
TN:
SF:src\errors\BaseError.ts
FN:2,(anonymous_0)
FNF:1
FNH:1
FNDA:17,(anonymous_0)
DA:1,7
DA:3,17
DA:6,17
LF:3
LH:3
BRDA:3,0,0,0
BRDA:4,1,0,0
BRF:2
BRH:0
end_of_record
TN:
SF:src\errors\ConflictError.ts
FN:4,(anonymous_0)
FNF:1
FNH:1
FNDA:5,(anonymous_0)
DA:1,7
DA:3,7
DA:7,5
LF:3
LH:3
BRDA:5,0,0,0
BRF:1
BRH:0
end_of_record
TN:
SF:src\errors\NotFoundError.ts
FN:4,(anonymous_0)
FNF:1
FNH:1
FNDA:2,(anonymous_0)
DA:1,7
DA:3,7
DA:7,2
LF:3
LH:3
BRDA:5,0,0,0
BRF:1
BRH:0
end_of_record
TN:
SF:src\errors\RequestError.ts
FN:4,(anonymous_0)
FNF:1
FNH:1
FNDA:7,(anonymous_0)
DA:1,7
DA:3,7
DA:7,7
LF:3
LH:3
BRDA:5,0,0,0
BRF:1
BRH:0
end_of_record
TN:
SF:src\errors\UnauthorizedError.ts
FN:4,(anonymous_0)
FNF:1
FNH:1
FNDA:3,(anonymous_0)
DA:1,7
DA:3,7
DA:7,3
LF:3
LH:3
BRDA:5,0,0,0
BRF:1
BRH:0
end_of_record
TN:
SF:src\models\Product.ts
FN:27,(anonymous_0)
FN:34,(anonymous_1)
FN:38,(anonymous_2)
FN:42,(anonymous_3)
FN:46,(anonymous_4)
FN:50,(anonymous_5)
FN:54,(anonymous_6)
FN:58,(anonymous_7)
FN:62,(anonymous_8)
FNF:9
FNH:3
FNDA:10,(anonymous_0)
FNDA:2,(anonymous_1)
FNDA:0,(anonymous_2)
FNDA:0,(anonymous_3)
FNDA:0,(anonymous_4)
FNDA:0,(anonymous_5)
FNDA:0,(anonymous_6)
FNDA:0,(anonymous_7)
FNDA:1,(anonymous_8)
DA:26,5
DA:28,10
DA:29,10
DA:30,10
DA:31,10
DA:34,10
DA:35,2
DA:38,10
DA:39,0
DA:42,10
DA:43,0
DA:46,10
DA:47,0
DA:50,10
DA:51,0
DA:54,10
DA:55,0
DA:58,10
DA:59,0
DA:62,10
DA:63,1
LF:21
LH:15
BRDA:31,0,0,10
BRF:1
BRH:1
end_of_record
TN:
SF:src\models\User.ts
FN:1,(anonymous_0)
FN:15,(anonymous_1)
FN:23,(anonymous_2)
FN:27,(anonymous_3)
FN:31,(anonymous_4)
FN:35,(anonymous_5)
FN:39,(anonymous_6)
FN:43,(anonymous_7)
FN:47,(anonymous_8)
FN:51,(anonymous_9)
FN:55,(anonymous_10)
FN:59,(anonymous_11)
FNF:12
FNH:5
FNDA:7,(anonymous_0)
FNDA:3,(anonymous_1)
FNDA:2,(anonymous_2)
FNDA:0,(anonymous_3)
FNDA:0,(anonymous_4)
FNDA:2,(anonymous_5)
FNDA:2,(anonymous_6)
FNDA:0,(anonymous_7)
FNDA:0,(anonymous_8)
FNDA:0,(anonymous_9)
FNDA:0,(anonymous_10)
FNDA:0,(anonymous_11)
DA:1,7
DA:2,7
DA:3,7
DA:14,7
DA:16,3
DA:17,3
DA:18,3
DA:19,3
DA:20,3
DA:23,3
DA:24,2
DA:27,3
DA:28,0
DA:31,3
DA:32,0
DA:35,3
DA:36,2
DA:39,3
DA:40,2
DA:43,3
DA:44,0
DA:47,3
DA:48,0
DA:51,3
DA:52,0
DA:55,3
DA:56,0
DA:59,3
DA:60,0
LF:29
LH:22
BRDA:1,0,0,7
BRDA:1,0,1,7
BRF:2
BRH:2
end_of_record
TN:
SF:tests\mocks\ProductDatabaseMock.ts
FN:4,(anonymous_0)
FN:9,(anonymous_1)
FN:64,(anonymous_2)
FN:81,(anonymous_3)
FN:117,(anonymous_4)
FN:148,(anonymous_5)
FN:159,(anonymous_6)
FN:163,(anonymous_7)
FN:167,(anonymous_8)
FNF:9
FNH:8
FNDA:5,(anonymous_0)
FNDA:1,(anonymous_1)
FNDA:2,(anonymous_2)
FNDA:7,(anonymous_3)
FNDA:3,(anonymous_4)
FNDA:0,(anonymous_5)
FNDA:1,(anonymous_6)
FNDA:1,(anonymous_7)
FNDA:1,(anonymous_8)
DA:2,5
DA:4,5
DA:5,5
DA:6,5
DA:7,5
DA:9,5
DA:10,1
DA:64,5
DA:65,2
DA:67,1
DA:75,0
DA:77,1
DA:81,5
DA:82,7
DA:84,0
DA:97,0
DA:105,1
DA:112,6
DA:117,5
DA:118,3
DA:120,1
DA:126,0
DA:132,0
DA:138,0
DA:144,2
DA:148,5
DA:149,0
DA:151,0
DA:159,5
DA:163,5
DA:167,5
LF:31
LH:23
BRDA:65,0,0,1
BRDA:65,0,1,0
BRDA:65,0,2,1
BRDA:82,1,0,0
BRDA:82,1,1,0
BRDA:82,1,2,1
BRDA:82,1,3,6
BRDA:118,2,0,1
BRDA:118,2,1,0
BRDA:118,2,2,0
BRDA:118,2,3,0
BRDA:118,2,4,2
BRDA:149,3,0,0
BRF:13
BRH:6
end_of_record
TN:
SF:tests\mocks\UserDatabaseMock.ts
FN:5,(anonymous_0)
FN:8,(anonymous_1)
FN:20,(anonymous_2)
FN:34,(anonymous_3)
FNF:4
FNH:3
FNDA:2,(anonymous_0)
FNDA:0,(anonymous_1)
FNDA:5,(anonymous_2)
FNDA:1,(anonymous_3)
DA:1,2
DA:5,2
DA:6,2
DA:8,2
DA:9,0
DA:17,0
DA:20,2
DA:21,5
DA:23,3
DA:30,2
DA:34,2
LF:11
LH:9
BRDA:21,0,0,3
BRDA:21,0,1,2
BRF:2
BRH:2
end_of_record
TN:
SF:tests\mocks\services\AuthenticatorMock.ts
FN:4,(anonymous_0)
FN:5,(anonymous_1)
FN:14,(anonymous_2)
FNF:3
FNH:3
FNDA:7,(anonymous_0)
FNDA:2,(anonymous_1)
FNDA:12,(anonymous_2)
DA:1,7
DA:4,7
DA:5,7
DA:6,2
DA:8,1
DA:10,1
DA:14,7
DA:15,12
DA:17,8
DA:22,2
DA:27,2
LF:11
LH:11
BRDA:6,0,0,1
BRDA:6,0,1,1
BRDA:15,1,0,8
BRDA:15,1,1,2
BRDA:15,1,2,2
BRF:5
BRH:5
end_of_record
TN:
SF:tests\mocks\services\HashManagerMock.ts
FN:1,(anonymous_0)
FN:2,(anonymous_1)
FN:11,(anonymous_2)
FNF:3
FNH:3
FNDA:2,(anonymous_0)
FNDA:1,(anonymous_1)
FNDA:2,(anonymous_2)
DA:1,2
DA:2,2
DA:3,1
DA:5,0
DA:7,1
DA:11,2
DA:12,2
DA:14,1
DA:16,1
LF:9
LH:8
BRDA:3,0,0,0
BRDA:3,0,1,1
BRDA:12,1,0,1
BRDA:12,1,1,1
BRF:4
BRH:3
end_of_record
TN:
SF:tests\mocks\services\IdGeneratorMock.ts
FN:1,(anonymous_0)
FN:2,(anonymous_1)
FNF:2
FNH:2
FNDA:7,(anonymous_0)
FNDA:3,(anonymous_1)
DA:1,7
DA:2,7
DA:3,3
LF:3
LH:3
BRF:0
BRH:0
end_of_record
